#
# There is insufficient memory for the Java Runtime Environment to continue.
# Native memory allocation (mmap) failed to map 130023424 bytes for G1 virtual space
# Possible reasons:
#   The system is out of physical RAM or swap space
#   The process is running with CompressedOops enabled, and the Java Heap may be blocking the growth of the native heap
# Possible solutions:
#   Reduce memory load on the system
#   Increase physical memory or swap space
#   Check if swap backing store is full
#   Decrease Java heap size (-Xmx/-Xms)
#   Decrease number of Java threads
#   Decrease Java thread stack sizes (-Xss)
#   Set larger code cache with -XX:ReservedCodeCacheSize=
#   JVM is running with Unscaled Compressed Oops mode in which the Java heap is
#     placed in the first 4GB address space. The Java Heap base address is the
#     maximum limit for the native heap growth. Please use -XX:HeapBaseMinAddress
#     to set the Java Heap base and to place the Java Heap above 4GB virtual address.
# This output file may be truncated or incomplete.
#
#  Out of Memory Error (os_windows.cpp:3600), pid=90728, tid=82960
#
# JRE version:  (21.0.5+9) (build )
# Java VM: Java HotSpot(TM) 64-Bit Server VM (21.0.5+9-LTS-239, mixed mode, sharing, tiered, compressed oops, compressed class ptrs, g1 gc, windows-amd64)
# No core dump will be written. Minidumps are not enabled by default on client versions of Windows
#

---------------  S U M M A R Y ------------

Command Line: -Dfile.encoding=UTF-8 -Dstdout.encoding=UTF-8 -Dstderr.encoding=UTF-8 -XX:+ShowCodeDetailsInExceptionMessages projects.Projects

Host: Intel(R) Pentium(R) Gold 7505 @ 2.00GHz, 4 cores, 7G,  Windows 11 , 64 bit Build 22621 (10.0.22621.4391)
Time: Sun Jan 12 23:44:28 2025 Eastern Standard Time elapsed time: 0.015978 seconds (0d 0h 0m 0s)

---------------  T H R E A D  ---------------

Current thread (0x000001d0394b9460):  JavaThread "Unknown thread" [_thread_in_vm, id=82960, stack(0x000000526b200000,0x000000526b300000) (1024K)]

Stack: [0x000000526b200000,0x000000526b300000]
Native frames: (J=compiled Java code, j=interpreted, Vv=VM code, C=native code)
V  [jvm.dll+0x6ca289]
V  [jvm.dll+0x854a51]
V  [jvm.dll+0x856f7e]
V  [jvm.dll+0x857653]
V  [jvm.dll+0x27dd26]
V  [jvm.dll+0x6c6a25]
V  [jvm.dll+0x6bb5aa]
V  [jvm.dll+0x35359a]
V  [jvm.dll+0x35b1f6]
V  [jvm.dll+0x3adade]
V  [jvm.dll+0x3add88]
V  [jvm.dll+0x3278fc]
V  [jvm.dll+0x32845b]
V  [jvm.dll+0x81de19]
V  [jvm.dll+0x3ba7c1]
V  [jvm.dll+0x807168]
V  [jvm.dll+0x44f96e]
V  [jvm.dll+0x451561]
C  [jli.dll+0x52a3]
C  [ucrtbase.dll+0x29333]
C  [KERNEL32.DLL+0x1259d]
C  [ntdll.dll+0x5af38]


---------------  P R O C E S S  ---------------

Threads class SMR info:
_java_thread_list=0x00007fffbd32ac08, length=0, elements={
}

Java Threads: ( => current thread )
Total: 0

Other Threads:
  0x000001d039507ae0 WorkerThread "GC Thread#0"                     [id=7524, stack(0x000000526b300000,0x000000526b400000) (1024K)]
  0x000001d039518fd0 ConcurrentGCThread "G1 Main Marker"            [id=93724, stack(0x000000526b400000,0x000000526b500000) (1024K)]
  0x000001d039519ad0 WorkerThread "G1 Conc#0"                       [id=94860, stack(0x000000526b500000,0x000000526b600000) (1024K)]

[error occurred during error reporting (printing all threads), id 0xc0000005, EXCEPTION_ACCESS_VIOLATION (0xc0000005) at pc=0x00007fffbca9a087]
VM state: not at safepoint (not fully initialized)

VM Mutex/Monitor currently owned by a thread:  ([mutex/lock_event])
[0x00007fffbd39bf98] Heap_lock - owner thread: 0x000001d0394b9460

Heap address: 0x0000000085800000, size: 1960 MB, Compressed Oops mode: 32-bit

CDS archive(s) mapped at: [0x0000000000000000-0x0000000000000000-0x0000000000000000), size 0, SharedBaseAddress: 0x0000000800000000, ArchiveRelocationMode: 1.
Narrow klass base: 0x0000000000000000, Narrow klass shift: 0, Narrow klass range: 0x0

GC Precious Log:
 CardTable entry size: 512
 Card Set container configuration: InlinePtr #cards 5 size 8 Array Of Cards #cards 12 size 40 Howl #buckets 4 coarsen threshold 1843 Howl Bitmap #cards 512 size 80 coarsen threshold 460 Card regions per heap region 1 cards per card region 2048

Heap:
 garbage-first heap   total 0K, used 0K [0x0000000085800000, 0x0000000100000000)
  region size 1024K, 0 young (0K), 0 survivors (0K)

[error occurred during error reporting (printing heap information), id 0xc0000005, EXCEPTION_ACCESS_VIOLATION (0xc0000005) at pc=0x00007fffbce83259]
GC Heap History (0 events):
No events

Dll operation events (1 events):
Event: 0.009 Loaded shared library C:\Program Files\Java\jdk-21\bin\java.dll

Deoptimization events (0 events):
No events

Classes loaded (0 events):
No events

Classes unloaded (0 events):
No events

Classes redefined (0 events):
No events

Internal exceptions (0 events):
No events

ZGC Phase Switch (0 events):
No events

VM Operations (0 events):
No events

Events (0 events):
No events


Dynamic libraries:
0x00007ff65bcb0000 - 0x00007ff65bcc0000 	C:\Program Files\Java\jdk-21\bin\javaw.exe
0x00007ff86e0f0000 - 0x00007ff86e307000 	C:\WINDOWS\SYSTEM32\ntdll.dll
0x00007ff86ce60000 - 0x00007ff86cf24000 	C:\WINDOWS\System32\KERNEL32.DLL
0x00007ff86b8e0000 - 0x00007ff86bc9a000 	C:\WINDOWS\System32\KERNELBASE.dll
0x00007ff86b4f0000 - 0x00007ff86b601000 	C:\WINDOWS\System32\ucrtbase.dll
0x00007ff85d4f0000 - 0x00007ff85d509000 	C:\Program Files\Java\jdk-21\bin\jli.dll
0x00007ff85fb50000 - 0x00007ff85fb6b000 	C:\Program Files\Java\jdk-21\bin\VCRUNTIME140.dll
0x00007ff86d770000 - 0x00007ff86d822000 	C:\WINDOWS\System32\ADVAPI32.dll
0x00007ff86d6a0000 - 0x00007ff86d747000 	C:\WINDOWS\System32\msvcrt.dll
0x00007ff86c780000 - 0x00007ff86c827000 	C:\WINDOWS\System32\sechost.dll
0x00007ff86bca0000 - 0x00007ff86bcc8000 	C:\WINDOWS\System32\bcrypt.dll
0x00007ff86cd40000 - 0x00007ff86ce54000 	C:\WINDOWS\System32\RPCRT4.dll
0x00007ff86bf60000 - 0x00007ff86c10e000 	C:\WINDOWS\System32\USER32.dll
0x00007ff86b3c0000 - 0x00007ff86b3e6000 	C:\WINDOWS\System32\win32u.dll
0x00007ff86d4a0000 - 0x00007ff86d4c9000 	C:\WINDOWS\System32\GDI32.dll
0x00007ff86bcd0000 - 0x00007ff86bdeb000 	C:\WINDOWS\System32\gdi32full.dll
0x00007ff86b6d0000 - 0x00007ff86b76a000 	C:\WINDOWS\System32\msvcp_win.dll
0x00007ff847840000 - 0x00007ff847ad2000 	C:\WINDOWS\WinSxS\amd64_microsoft.windows.common-controls_6595b64144ccf1df_6.0.22621.4541_none_2710d1c57384c085\COMCTL32.dll
0x00007ff860f70000 - 0x00007ff860f7a000 	C:\WINDOWS\SYSTEM32\VERSION.dll
0x00007ff86c110000 - 0x00007ff86c141000 	C:\WINDOWS\System32\IMM32.DLL
0x00007ff85d4e0000 - 0x00007ff85d4ec000 	C:\Program Files\Java\jdk-21\bin\vcruntime140_1.dll
0x00007ff82da70000 - 0x00007ff82dafe000 	C:\Program Files\Java\jdk-21\bin\msvcp140.dll
0x00007fffbc760000 - 0x00007fffbd478000 	C:\Program Files\Java\jdk-21\bin\server\jvm.dll
0x00007ff86d420000 - 0x00007ff86d491000 	C:\WINDOWS\System32\WS2_32.dll
0x00007ff86a250000 - 0x00007ff86a29d000 	C:\WINDOWS\SYSTEM32\POWRPROF.dll
0x00007ff8613a0000 - 0x00007ff8613d4000 	C:\WINDOWS\SYSTEM32\WINMM.dll
0x00007ff86a230000 - 0x00007ff86a243000 	C:\WINDOWS\SYSTEM32\UMPDC.dll
0x00007ff86a4f0000 - 0x00007ff86a508000 	C:\WINDOWS\SYSTEM32\kernel.appcore.dll
0x00007ff861510000 - 0x00007ff86151a000 	C:\Program Files\Java\jdk-21\bin\jimage.dll
0x00007ff868d20000 - 0x00007ff868f52000 	C:\WINDOWS\SYSTEM32\DBGHELP.DLL
0x00007ff86c3f0000 - 0x00007ff86c77f000 	C:\WINDOWS\System32\combase.dll
0x00007ff86c830000 - 0x00007ff86c907000 	C:\WINDOWS\System32\OLEAUT32.dll
0x00007ff85ff40000 - 0x00007ff85ff72000 	C:\WINDOWS\SYSTEM32\dbgcore.DLL
0x00007ff86b470000 - 0x00007ff86b4eb000 	C:\WINDOWS\System32\bcryptPrimitives.dll
0x00007ff85b670000 - 0x00007ff85b68f000 	C:\Program Files\Java\jdk-21\bin\java.dll

dbghelp: loaded successfully - version: 4.0.5 - missing functions: none
symbol engine: initialized successfully - sym options: 0x614 - pdb path: .;C:\Program Files\Java\jdk-21\bin;C:\WINDOWS\SYSTEM32;C:\WINDOWS\WinSxS\amd64_microsoft.windows.common-controls_6595b64144ccf1df_6.0.22621.4541_none_2710d1c57384c085;C:\Program Files\Java\jdk-21\bin\server

VM Arguments:
jvm_args: -Dfile.encoding=UTF-8 -Dstdout.encoding=UTF-8 -Dstderr.encoding=UTF-8 -XX:+ShowCodeDetailsInExceptionMessages 
java_command: projects.Projects
java_class_path (initial): C:\Users\jmlew\eclipse-workspace\mysql-java\target\classes;C:\Users\jmlew\.m2\repository\com\mysql\mysql-connector-j\9.1.0\mysql-connector-j-9.1.0.jar;C:\Users\jmlew\.m2\repository\com\google\protobuf\protobuf-java\4.26.1\protobuf-java-4.26.1.jar
Launcher Type: SUN_STANDARD

[Global flags]
     intx CICompilerCount                          = 3                                         {product} {ergonomic}
     uint ConcGCThreads                            = 1                                         {product} {ergonomic}
     uint G1ConcRefinementThreads                  = 4                                         {product} {ergonomic}
   size_t G1HeapRegionSize                         = 1048576                                   {product} {ergonomic}
    uintx GCDrainStackTargetSize                   = 64                                        {product} {ergonomic}
   size_t InitialHeapSize                          = 130023424                                 {product} {ergonomic}
   size_t MarkStackSize                            = 4194304                                   {product} {ergonomic}
   size_t MaxHeapSize                              = 2055208960                                {product} {ergonomic}
   size_t MinHeapDeltaBytes                        = 1048576                                   {product} {ergonomic}
   size_t MinHeapSize                              = 8388608                                   {product} {ergonomic}
    uintx NonNMethodCodeHeapSize                   = 5832780                                {pd product} {ergonomic}
    uintx NonProfiledCodeHeapSize                  = 122912730                              {pd product} {ergonomic}
    uintx ProfiledCodeHeapSize                     = 122912730                              {pd product} {ergonomic}
    uintx ReservedCodeCacheSize                    = 251658240                              {pd product} {ergonomic}
     bool SegmentedCodeCache                       = true                                      {product} {ergonomic}
     bool ShowCodeDetailsInExceptionMessages       = true                                   {manageable} {command line}
   size_t SoftMaxHeapSize                          = 2055208960                             {manageable} {ergonomic}
     bool UseCompressedOops                        = true                           {product lp64_product} {ergonomic}
     bool UseG1GC                                  = true                                      {product} {ergonomic}
     bool UseLargePagesIndividualAllocation        = false                                  {pd product} {ergonomic}

Logging:
Log output configuration:
 #0: stdout all=warning uptime,level,tags foldmultilines=false
 #1: stderr all=off uptime,level,tags foldmultilines=false

Environment Variables:
PATH=C:/Program Files/Java/jdk-21/bin/server;C:/Program Files/Java/jdk-21/bin;C:\Program Files\Common Files\Oracle\Java\javapath;C:\WINDOWS\system32;C:\WINDOWS;C:\WINDOWS\System32\Wbem;C:\WINDOWS\System32\WindowsPowerShell\v1.0\;C:\WINDOWS\System32\OpenSSH\;C:\Program Files\nodejs\;C:\Users\jmlew\AppData\Local\Microsoft\WindowsApps;;C:\Users\jmlew\AppData\Local\Programs\Microsoft VS Code\bin;C:\Users\jmlew\AppData\Roaming\npm;C:\Users\jmlew\eclipse\java-2024-06\eclipse;
USERNAME=jmlew
OS=Windows_NT
PROCESSOR_IDENTIFIER=Intel64 Family 6 Model 140 Stepping 1, GenuineIntel
TMP=C:\Users\jmlew\AppData\Local\Temp
TEMP=C:\Users\jmlew\AppData\Local\Temp




Periodic native trim disabled

---------------  S Y S T E M  ---------------

OS:
 Windows 11 , 64 bit Build 22621 (10.0.22621.4391)
OS uptime: 32 days 22:13 hours

CPU: total 4 (initial active 4) (2 cores per cpu, 2 threads per core) family 6 model 140 stepping 1 microcode 0xb4, cx8, cmov, fxsr, ht, mmx, 3dnowpref, sse, sse2, sse3, ssse3, sse4.1, sse4.2, popcnt, lzcnt, tsc, tscinvbit, avx, avx2, aes, erms, clmul, bmi1, bmi2, adx, avx512f, avx512dq, avx512cd, avx512bw, avx512vl, sha, fma, vzeroupper, avx512_vpopcntdq, avx512_vpclmulqdq, avx512_vaes, avx512_vnni, clflush, clflushopt, clwb, avx512_vbmi2, avx512_vbmi, rdtscp, rdpid, fsrm, gfni, avx512_bitalg, f16c, pku, cet_ibt, cet_ss, avx512_ifma
Processor Information for all 4 processors :
  Max Mhz: 2001, Current Mhz: 2001, Mhz Limit: 2001

Memory: 4k page, system-wide physical 7834M (511M free)
TotalPageFile size 31386M (AvailPageFile size 56M)
current process WorkingSet (physical memory assigned to process): 11M, peak: 11M
current process commit charge ("private bytes"): 52M, peak: 176M

vm_info: Java HotSpot(TM) 64-Bit Server VM (21.0.5+9-LTS-239) for windows-amd64 JRE (21.0.5+9-LTS-239), built on 2024-09-30T05:17:38Z by "mach5one" with MS VC++ 17.6 (VS2022)

END.
