#
# There is insufficient memory for the Java Runtime Environment to continue.
# Native memory allocation (mmap) failed to map 65536 bytes for Failed to commit metaspace.
# Possible reasons:
#   The system is out of physical RAM or swap space
#   The process is running with CompressedOops enabled, and the Java Heap may be blocking the growth of the native heap
# Possible solutions:
#   Reduce memory load on the system
#   Increase physical memory or swap space
#   Check if swap backing store is full
#   Decrease Java heap size (-Xmx/-Xms)
#   Decrease number of Java threads
#   Decrease Java thread stack sizes (-Xss)
#   Set larger code cache with -XX:ReservedCodeCacheSize=
#   JVM is running with Unscaled Compressed Oops mode in which the Java heap is
#     placed in the first 4GB address space. The Java Heap base address is the
#     maximum limit for the native heap growth. Please use -XX:HeapBaseMinAddress
#     to set the Java Heap base and to place the Java Heap above 4GB virtual address.
# This output file may be truncated or incomplete.
#
#  Out of Memory Error (virtualSpaceNode.cpp:112), pid=84152, tid=41796
#
# JRE version: Java(TM) SE Runtime Environment (21.0.5+9) (build 21.0.5+9-LTS-239)
# Java VM: Java HotSpot(TM) 64-Bit Server VM (21.0.5+9-LTS-239, mixed mode, tiered, compressed oops, compressed class ptrs, g1 gc, windows-amd64)
# No core dump will be written. Minidumps are not enabled by default on client versions of Windows
#

---------------  S U M M A R Y ------------

Command Line: -Dfile.encoding=UTF-8 -Dstdout.encoding=UTF-8 -Dstderr.encoding=UTF-8 -XX:+ShowCodeDetailsInExceptionMessages projects.Projects

Host: Intel(R) Pentium(R) Gold 7505 @ 2.00GHz, 4 cores, 7G,  Windows 11 , 64 bit Build 22621 (10.0.22621.4391)
Time: Sun Jan 12 23:57:12 2025 Eastern Standard Time elapsed time: 0.247435 seconds (0d 0h 0m 0s)

---------------  T H R E A D  ---------------

Current thread (0x00000155aa08a160):  JavaThread "main"             [_thread_in_vm, id=41796, stack(0x0000000117500000,0x0000000117600000) (1024K)]

Stack: [0x0000000117500000,0x0000000117600000]
Native frames: (J=compiled Java code, j=interpreted, Vv=VM code, C=native code)
V  [jvm.dll+0x6ca289]
V  [jvm.dll+0x854a51]
V  [jvm.dll+0x856f7e]
V  [jvm.dll+0x857653]
V  [jvm.dll+0x27dd26]
V  [jvm.dll+0x85066e]
V  [jvm.dll+0x66dfd5]
V  [jvm.dll+0x66e03a]
V  [jvm.dll+0x670855]
V  [jvm.dll+0x670722]
V  [jvm.dll+0x66e9ae]
V  [jvm.dll+0x2681cf]
V  [jvm.dll+0x678d25]
V  [jvm.dll+0x214c91]
V  [jvm.dll+0x21511a]
V  [jvm.dll+0x215b41]
V  [jvm.dll+0x20afde]
V  [jvm.dll+0x5aceac]
V  [jvm.dll+0x21c77a]
V  [jvm.dll+0x7ce34c]
V  [jvm.dll+0x7cf374]
V  [jvm.dll+0x7cf942]
V  [jvm.dll+0x7cf5c8]
V  [jvm.dll+0x26bb4b]
V  [jvm.dll+0x26bd7a]
V  [jvm.dll+0x5cfe61]
V  [jvm.dll+0x5d24a4]
V  [jvm.dll+0x3d6072]
V  [jvm.dll+0x3d5b10]
C  0x00000155bbcb7c51

The last pc belongs to getstatic (printed below).
Java frames: (J=compiled Java code, j=interpreted, Vv=VM code)
j  sun.nio.cs.UTF_8$Encoder.encodeArrayLoop(Ljava/nio/CharBuffer;Ljava/nio/ByteBuffer;)Ljava/nio/charset/CoderResult;+133 java.base@21.0.5
j  sun.nio.cs.UTF_8$Encoder.encodeLoop(Ljava/nio/CharBuffer;Ljava/nio/ByteBuffer;)Ljava/nio/charset/CoderResult;+17 java.base@21.0.5
j  java.nio.charset.CharsetEncoder.encode(Ljava/nio/CharBuffer;Ljava/nio/ByteBuffer;Z)Ljava/nio/charset/CoderResult;+57 java.base@21.0.5
j  sun.nio.cs.StreamEncoder.implWrite(Ljava/nio/CharBuffer;)V+38 java.base@21.0.5
j  sun.nio.cs.StreamEncoder.implWrite([CII)V+11 java.base@21.0.5
j  sun.nio.cs.StreamEncoder.lockedWrite([CII)V+49 java.base@21.0.5
j  sun.nio.cs.StreamEncoder.write([CII)V+30 java.base@21.0.5
j  java.io.OutputStreamWriter.write([CII)V+7 java.base@21.0.5
j  java.io.BufferedWriter.implFlushBuffer()V+25 java.base@21.0.5
j  java.io.BufferedWriter.flushBuffer()V+22 java.base@21.0.5
j  java.io.PrintStream.implWriteln(Ljava/lang/String;)V+23 java.base@21.0.5
j  java.io.PrintStream.writeln(Ljava/lang/String;)V+16 java.base@21.0.5
j  java.io.PrintStream.println(Ljava/lang/String;)V+14 java.base@21.0.5
j  projects.dao.DbConnection.getConnection()Ljava/sql/Connection;+48
j  projects.Projects.main([Ljava/lang/String;)V+0
v  ~StubRoutines::call_stub 0x00000155bbca10e7
getstatic  178 getstatic  [0x00000155bbcb7ba0, 0x00000155bbcb7d98]  504 bytes
[MachCode]
  0x00000155bbcb7ba0: 4883 ec08 | c5fa 1104 | 24eb 1f48 | 83ec 10c5 | fb11 0424 | eb14 4883 | ec10 4889 | 0424 48c7 
  0x00000155bbcb7bc0: 4424 0800 | 0000 00eb | 0150 410f | b755 0148 | 8b4d d0c1 | e202 8b5c | d138 c1eb | 1081 e3ff 
  0x00000155bbcb7be0: 0000 0081 | fbb2 0000 | 000f 84b4 | 0000 00bb | b200 0000 | e805 0000 | 00e9 9900 | 0000 488b 
  0x00000155bbcb7c00: d348 8d44 | 2408 4c89 | 6dc0 498b | cfc5 f877 | 4989 afa8 | 0300 0049 | 8987 9803 | 0000 4883 
  0x00000155bbcb7c20: ec20 40f6 | c40f 0f84 | 1900 0000 | 4883 ec08 | 48b8 b05a | b3bc ff7f | 0000 ffd0 | 4883 c408 
  0x00000155bbcb7c40: e90c 0000 | 0048 b8b0 | 5ab3 bcff | 7f00 00ff | d048 83c4 | 2049 c787 | 9803 0000 | 0000 0000 
  0x00000155bbcb7c60: 49c7 87a8 | 0300 0000 | 0000 0049 | c787 a003 | 0000 0000 | 0000 c5f8 | 7749 837f | 0800 0f84 
  0x00000155bbcb7c80: 0500 0000 | e977 92fe | ff4c 8b6d | c04c 8b75 | c84e 8d74 | f500 c341 | 0fb7 5501 | 488b 4dd0 
  0x00000155bbcb7ca0: c1e2 0248 | 8b5c d148 | 8b44 d150 | 4c8b 4cd1 | 404d 8b49 | 704d 8b09 | c1e8 1c83 | e00f 0f85 
  0x00000155bbcb7cc0: 0b00 0000 | 410f be04 | 1950 e9b1 | 0000 0083 | f801 0f85 | 0b00 0000 | 410f b604 | 1950 e99d 
  0x00000155bbcb7ce0: 0000 0083 | f808 0f85 | 0a00 0000 | 418b 0419 | 50e9 8a00 | 0000 83f8 | 040f 850a | 0000 0041 
  0x00000155bbcb7d00: 8b04 1950 | e977 0000 | 0083 f802 | 0f85 0b00 | 0000 410f | b704 1950 | e963 0000 | 0083 f803 
  0x00000155bbcb7d20: 0f85 0b00 | 0000 410f | bf04 1950 | e94f 0000 | 0083 f805 | 0f85 1a00 | 0000 498b | 0419 4883 
  0x00000155bbcb7d40: ec10 4889 | 0424 48c7 | 4424 0800 | 0000 00e9 | 2c00 0000 | 83f8 060f | 8514 0000 | 00c4 c17a 
  0x00000155bbcb7d60: 1004 1948 | 83ec 08c5 | fa11 0424 | e90f 0000 | 00c4 c17b | 1004 1948 | 83ec 10c5 | fb11 0424 
  0x00000155bbcb7d80: 410f b65d | 0349 83c5 | 0349 ba10 | 043b bdff | 7f00 0041 | ff24 da90 
[/MachCode]

---------------  P R O C E S S  ---------------

Threads class SMR info:
_java_thread_list=0x00000155c8651d00, length=11, elements={
0x00000155aa08a160, 0x00000155c8455170, 0x00000155c8456360, 0x00000155c8443f20,
0x00000155c8444970, 0x00000155c8437540, 0x00000155c8438730, 0x00000155c8468fe0,
0x00000155c846f740, 0x00000155c864bfa0, 0x00000155c8659000
}

Java Threads: ( => current thread )
=>0x00000155aa08a160 JavaThread "main"                              [_thread_in_vm, id=41796, stack(0x0000000117500000,0x0000000117600000) (1024K)]
  0x00000155c8455170 JavaThread "Reference Handler"          daemon [_thread_blocked, id=96656, stack(0x0000000117d00000,0x0000000117e00000) (1024K)]
  0x00000155c8456360 JavaThread "Finalizer"                  daemon [_thread_blocked, id=95440, stack(0x0000000117e00000,0x0000000117f00000) (1024K)]
  0x00000155c8443f20 JavaThread "Signal Dispatcher"          daemon [_thread_blocked, id=69140, stack(0x0000000117f00000,0x0000000118000000) (1024K)]
  0x00000155c8444970 JavaThread "Attach Listener"            daemon [_thread_blocked, id=20680, stack(0x0000000118000000,0x0000000118100000) (1024K)]
  0x00000155c8437540 JavaThread "Service Thread"             daemon [_thread_blocked, id=91976, stack(0x0000000118100000,0x0000000118200000) (1024K)]
  0x00000155c8438730 JavaThread "Monitor Deflation Thread"   daemon [_thread_blocked, id=93760, stack(0x0000000118200000,0x0000000118300000) (1024K)]
  0x00000155c8468fe0 JavaThread "C2 CompilerThread0"         daemon [_thread_blocked, id=94648, stack(0x0000000118300000,0x0000000118400000) (1024K)]
  0x00000155c846f740 JavaThread "C1 CompilerThread0"         daemon [_thread_blocked, id=86824, stack(0x0000000118400000,0x0000000118500000) (1024K)]
  0x00000155c864bfa0 JavaThread "Notification Thread"        daemon [_thread_blocked, id=73332, stack(0x0000000118500000,0x0000000118600000) (1024K)]
  0x00000155c8659000 JavaThread "Common-Cleaner"             daemon [_thread_blocked, id=84908, stack(0x0000000118600000,0x0000000118700000) (1024K)]
Total: 11

Other Threads:
  0x00000155c82d71f0 VMThread "VM Thread"                           [id=101744, stack(0x0000000117c00000,0x0000000117d00000) (1024K)]
  0x00000155c8253910 WatcherThread "VM Periodic Task Thread"        [id=57404, stack(0x0000000117b00000,0x0000000117c00000) (1024K)]
  0x00000155ac337340 WorkerThread "GC Thread#0"                     [id=65056, stack(0x0000000117600000,0x0000000117700000) (1024K)]
  0x00000155ac348030 ConcurrentGCThread "G1 Main Marker"            [id=102196, stack(0x0000000117700000,0x0000000117800000) (1024K)]
  0x00000155ac349480 WorkerThread "G1 Conc#0"                       [id=94388, stack(0x0000000117800000,0x0000000117900000) (1024K)]
  0x00000155c81230d0 ConcurrentGCThread "G1 Refine#0"               [id=51120, stack(0x0000000117900000,0x0000000117a00000) (1024K)]
  0x00000155c8123c40 ConcurrentGCThread "G1 Service"                [id=9468, stack(0x0000000117a00000,0x0000000117b00000) (1024K)]
Total: 7

Threads with active compile tasks:
Total: 0

VM state: not at safepoint (normal execution)

VM Mutex/Monitor currently owned by a thread:  ([mutex/lock_event])
[0x00007fffbd399e18] Metaspace_lock - owner thread: 0x00000155aa08a160

Heap address: 0x0000000085800000, size: 1960 MB, Compressed Oops mode: 32-bit

CDS archive(s) not mapped
Compressed class space mapped at: 0x00000155c9000000-0x0000015609000000, reserved size: 1073741824
Narrow klass base: 0x00000155c9000000, Narrow klass shift: 0, Narrow klass range: 0x40000000

GC Precious Log:
 CardTable entry size: 512
 Card Set container configuration: InlinePtr #cards 5 size 8 Array Of Cards #cards 12 size 40 Howl #buckets 4 coarsen threshold 1843 Howl Bitmap #cards 512 size 80 coarsen threshold 460 Card regions per heap region 1 cards per card region 2048
 CPUs: 4 total, 4 available
 Memory: 7834M
 Large Page Support: Disabled
 NUMA Support: Disabled
 Compressed Oops: Enabled (32-bit)
 Heap Region Size: 1M
 Heap Min Capacity: 8M
 Heap Initial Capacity: 124M
 Heap Max Capacity: 1960M
 Pre-touch: Disabled
 Parallel Workers: 4
 Concurrent Workers: 1
 Concurrent Refinement Workers: 4
 Periodic GC: Disabled

Heap:
 garbage-first heap   total 126976K, used 2048K [0x0000000085800000, 0x0000000100000000)
  region size 1024K, 3 young (3072K), 0 survivors (0K)
 Metaspace       used 7000K, committed 7104K, reserved 1114112K
  class space    used 554K, committed 640K, reserved 1048576K

Heap Regions: E=young(eden), S=young(survivor), O=old, HS=humongous(starts), HC=humongous(continues), CS=collection set, F=free, TAMS=top-at-mark-start, PB=parsable bottom
|   0|0x0000000085800000, 0x0000000085800000, 0x0000000085900000|  0%| F|  |TAMS 0x0000000085800000| PB 0x0000000085800000| Untracked 
|   1|0x0000000085900000, 0x0000000085900000, 0x0000000085a00000|  0%| F|  |TAMS 0x0000000085900000| PB 0x0000000085900000| Untracked 
|   2|0x0000000085a00000, 0x0000000085a00000, 0x0000000085b00000|  0%| F|  |TAMS 0x0000000085a00000| PB 0x0000000085a00000| Untracked 
|   3|0x0000000085b00000, 0x0000000085b00000, 0x0000000085c00000|  0%| F|  |TAMS 0x0000000085b00000| PB 0x0000000085b00000| Untracked 
|   4|0x0000000085c00000, 0x0000000085c00000, 0x0000000085d00000|  0%| F|  |TAMS 0x0000000085c00000| PB 0x0000000085c00000| Untracked 
|   5|0x0000000085d00000, 0x0000000085d00000, 0x0000000085e00000|  0%| F|  |TAMS 0x0000000085d00000| PB 0x0000000085d00000| Untracked 
|   6|0x0000000085e00000, 0x0000000085e00000, 0x0000000085f00000|  0%| F|  |TAMS 0x0000000085e00000| PB 0x0000000085e00000| Untracked 
|   7|0x0000000085f00000, 0x0000000085f00000, 0x0000000086000000|  0%| F|  |TAMS 0x0000000085f00000| PB 0x0000000085f00000| Untracked 
|   8|0x0000000086000000, 0x0000000086000000, 0x0000000086100000|  0%| F|  |TAMS 0x0000000086000000| PB 0x0000000086000000| Untracked 
|   9|0x0000000086100000, 0x0000000086100000, 0x0000000086200000|  0%| F|  |TAMS 0x0000000086100000| PB 0x0000000086100000| Untracked 
|  10|0x0000000086200000, 0x0000000086200000, 0x0000000086300000|  0%| F|  |TAMS 0x0000000086200000| PB 0x0000000086200000| Untracked 
|  11|0x0000000086300000, 0x0000000086300000, 0x0000000086400000|  0%| F|  |TAMS 0x0000000086300000| PB 0x0000000086300000| Untracked 
|  12|0x0000000086400000, 0x0000000086400000, 0x0000000086500000|  0%| F|  |TAMS 0x0000000086400000| PB 0x0000000086400000| Untracked 
|  13|0x0000000086500000, 0x0000000086500000, 0x0000000086600000|  0%| F|  |TAMS 0x0000000086500000| PB 0x0000000086500000| Untracked 
|  14|0x0000000086600000, 0x0000000086600000, 0x0000000086700000|  0%| F|  |TAMS 0x0000000086600000| PB 0x0000000086600000| Untracked 
|  15|0x0000000086700000, 0x0000000086700000, 0x0000000086800000|  0%| F|  |TAMS 0x0000000086700000| PB 0x0000000086700000| Untracked 
|  16|0x0000000086800000, 0x0000000086800000, 0x0000000086900000|  0%| F|  |TAMS 0x0000000086800000| PB 0x0000000086800000| Untracked 
|  17|0x0000000086900000, 0x0000000086900000, 0x0000000086a00000|  0%| F|  |TAMS 0x0000000086900000| PB 0x0000000086900000| Untracked 
|  18|0x0000000086a00000, 0x0000000086a00000, 0x0000000086b00000|  0%| F|  |TAMS 0x0000000086a00000| PB 0x0000000086a00000| Untracked 
|  19|0x0000000086b00000, 0x0000000086b00000, 0x0000000086c00000|  0%| F|  |TAMS 0x0000000086b00000| PB 0x0000000086b00000| Untracked 
|  20|0x0000000086c00000, 0x0000000086c00000, 0x0000000086d00000|  0%| F|  |TAMS 0x0000000086c00000| PB 0x0000000086c00000| Untracked 
|  21|0x0000000086d00000, 0x0000000086d00000, 0x0000000086e00000|  0%| F|  |TAMS 0x0000000086d00000| PB 0x0000000086d00000| Untracked 
|  22|0x0000000086e00000, 0x0000000086e00000, 0x0000000086f00000|  0%| F|  |TAMS 0x0000000086e00000| PB 0x0000000086e00000| Untracked 
|  23|0x0000000086f00000, 0x0000000086f00000, 0x0000000087000000|  0%| F|  |TAMS 0x0000000086f00000| PB 0x0000000086f00000| Untracked 
|  24|0x0000000087000000, 0x0000000087000000, 0x0000000087100000|  0%| F|  |TAMS 0x0000000087000000| PB 0x0000000087000000| Untracked 
|  25|0x0000000087100000, 0x0000000087100000, 0x0000000087200000|  0%| F|  |TAMS 0x0000000087100000| PB 0x0000000087100000| Untracked 
|  26|0x0000000087200000, 0x0000000087200000, 0x0000000087300000|  0%| F|  |TAMS 0x0000000087200000| PB 0x0000000087200000| Untracked 
|  27|0x0000000087300000, 0x0000000087300000, 0x0000000087400000|  0%| F|  |TAMS 0x0000000087300000| PB 0x0000000087300000| Untracked 
|  28|0x0000000087400000, 0x0000000087400000, 0x0000000087500000|  0%| F|  |TAMS 0x0000000087400000| PB 0x0000000087400000| Untracked 
|  29|0x0000000087500000, 0x0000000087500000, 0x0000000087600000|  0%| F|  |TAMS 0x0000000087500000| PB 0x0000000087500000| Untracked 
|  30|0x0000000087600000, 0x0000000087600000, 0x0000000087700000|  0%| F|  |TAMS 0x0000000087600000| PB 0x0000000087600000| Untracked 
|  31|0x0000000087700000, 0x0000000087700000, 0x0000000087800000|  0%| F|  |TAMS 0x0000000087700000| PB 0x0000000087700000| Untracked 
|  32|0x0000000087800000, 0x0000000087800000, 0x0000000087900000|  0%| F|  |TAMS 0x0000000087800000| PB 0x0000000087800000| Untracked 
|  33|0x0000000087900000, 0x0000000087900000, 0x0000000087a00000|  0%| F|  |TAMS 0x0000000087900000| PB 0x0000000087900000| Untracked 
|  34|0x0000000087a00000, 0x0000000087a00000, 0x0000000087b00000|  0%| F|  |TAMS 0x0000000087a00000| PB 0x0000000087a00000| Untracked 
|  35|0x0000000087b00000, 0x0000000087b00000, 0x0000000087c00000|  0%| F|  |TAMS 0x0000000087b00000| PB 0x0000000087b00000| Untracked 
|  36|0x0000000087c00000, 0x0000000087c00000, 0x0000000087d00000|  0%| F|  |TAMS 0x0000000087c00000| PB 0x0000000087c00000| Untracked 
|  37|0x0000000087d00000, 0x0000000087d00000, 0x0000000087e00000|  0%| F|  |TAMS 0x0000000087d00000| PB 0x0000000087d00000| Untracked 
|  38|0x0000000087e00000, 0x0000000087e00000, 0x0000000087f00000|  0%| F|  |TAMS 0x0000000087e00000| PB 0x0000000087e00000| Untracked 
|  39|0x0000000087f00000, 0x0000000087f00000, 0x0000000088000000|  0%| F|  |TAMS 0x0000000087f00000| PB 0x0000000087f00000| Untracked 
|  40|0x0000000088000000, 0x0000000088000000, 0x0000000088100000|  0%| F|  |TAMS 0x0000000088000000| PB 0x0000000088000000| Untracked 
|  41|0x0000000088100000, 0x0000000088100000, 0x0000000088200000|  0%| F|  |TAMS 0x0000000088100000| PB 0x0000000088100000| Untracked 
|  42|0x0000000088200000, 0x0000000088200000, 0x0000000088300000|  0%| F|  |TAMS 0x0000000088200000| PB 0x0000000088200000| Untracked 
|  43|0x0000000088300000, 0x0000000088300000, 0x0000000088400000|  0%| F|  |TAMS 0x0000000088300000| PB 0x0000000088300000| Untracked 
|  44|0x0000000088400000, 0x0000000088400000, 0x0000000088500000|  0%| F|  |TAMS 0x0000000088400000| PB 0x0000000088400000| Untracked 
|  45|0x0000000088500000, 0x0000000088500000, 0x0000000088600000|  0%| F|  |TAMS 0x0000000088500000| PB 0x0000000088500000| Untracked 
|  46|0x0000000088600000, 0x0000000088600000, 0x0000000088700000|  0%| F|  |TAMS 0x0000000088600000| PB 0x0000000088600000| Untracked 
|  47|0x0000000088700000, 0x0000000088700000, 0x0000000088800000|  0%| F|  |TAMS 0x0000000088700000| PB 0x0000000088700000| Untracked 
|  48|0x0000000088800000, 0x0000000088800000, 0x0000000088900000|  0%| F|  |TAMS 0x0000000088800000| PB 0x0000000088800000| Untracked 
|  49|0x0000000088900000, 0x0000000088900000, 0x0000000088a00000|  0%| F|  |TAMS 0x0000000088900000| PB 0x0000000088900000| Untracked 
|  50|0x0000000088a00000, 0x0000000088a00000, 0x0000000088b00000|  0%| F|  |TAMS 0x0000000088a00000| PB 0x0000000088a00000| Untracked 
|  51|0x0000000088b00000, 0x0000000088b00000, 0x0000000088c00000|  0%| F|  |TAMS 0x0000000088b00000| PB 0x0000000088b00000| Untracked 
|  52|0x0000000088c00000, 0x0000000088c00000, 0x0000000088d00000|  0%| F|  |TAMS 0x0000000088c00000| PB 0x0000000088c00000| Untracked 
|  53|0x0000000088d00000, 0x0000000088d00000, 0x0000000088e00000|  0%| F|  |TAMS 0x0000000088d00000| PB 0x0000000088d00000| Untracked 
|  54|0x0000000088e00000, 0x0000000088e00000, 0x0000000088f00000|  0%| F|  |TAMS 0x0000000088e00000| PB 0x0000000088e00000| Untracked 
|  55|0x0000000088f00000, 0x0000000088f00000, 0x0000000089000000|  0%| F|  |TAMS 0x0000000088f00000| PB 0x0000000088f00000| Untracked 
|  56|0x0000000089000000, 0x0000000089000000, 0x0000000089100000|  0%| F|  |TAMS 0x0000000089000000| PB 0x0000000089000000| Untracked 
|  57|0x0000000089100000, 0x0000000089100000, 0x0000000089200000|  0%| F|  |TAMS 0x0000000089100000| PB 0x0000000089100000| Untracked 
|  58|0x0000000089200000, 0x0000000089200000, 0x0000000089300000|  0%| F|  |TAMS 0x0000000089200000| PB 0x0000000089200000| Untracked 
|  59|0x0000000089300000, 0x0000000089300000, 0x0000000089400000|  0%| F|  |TAMS 0x0000000089300000| PB 0x0000000089300000| Untracked 
|  60|0x0000000089400000, 0x0000000089400000, 0x0000000089500000|  0%| F|  |TAMS 0x0000000089400000| PB 0x0000000089400000| Untracked 
|  61|0x0000000089500000, 0x0000000089500000, 0x0000000089600000|  0%| F|  |TAMS 0x0000000089500000| PB 0x0000000089500000| Untracked 
|  62|0x0000000089600000, 0x0000000089600000, 0x0000000089700000|  0%| F|  |TAMS 0x0000000089600000| PB 0x0000000089600000| Untracked 
|  63|0x0000000089700000, 0x0000000089700000, 0x0000000089800000|  0%| F|  |TAMS 0x0000000089700000| PB 0x0000000089700000| Untracked 
|  64|0x0000000089800000, 0x0000000089800000, 0x0000000089900000|  0%| F|  |TAMS 0x0000000089800000| PB 0x0000000089800000| Untracked 
|  65|0x0000000089900000, 0x0000000089900000, 0x0000000089a00000|  0%| F|  |TAMS 0x0000000089900000| PB 0x0000000089900000| Untracked 
|  66|0x0000000089a00000, 0x0000000089a00000, 0x0000000089b00000|  0%| F|  |TAMS 0x0000000089a00000| PB 0x0000000089a00000| Untracked 
|  67|0x0000000089b00000, 0x0000000089b00000, 0x0000000089c00000|  0%| F|  |TAMS 0x0000000089b00000| PB 0x0000000089b00000| Untracked 
|  68|0x0000000089c00000, 0x0000000089c00000, 0x0000000089d00000|  0%| F|  |TAMS 0x0000000089c00000| PB 0x0000000089c00000| Untracked 
|  69|0x0000000089d00000, 0x0000000089d00000, 0x0000000089e00000|  0%| F|  |TAMS 0x0000000089d00000| PB 0x0000000089d00000| Untracked 
|  70|0x0000000089e00000, 0x0000000089e00000, 0x0000000089f00000|  0%| F|  |TAMS 0x0000000089e00000| PB 0x0000000089e00000| Untracked 
|  71|0x0000000089f00000, 0x0000000089f00000, 0x000000008a000000|  0%| F|  |TAMS 0x0000000089f00000| PB 0x0000000089f00000| Untracked 
|  72|0x000000008a000000, 0x000000008a000000, 0x000000008a100000|  0%| F|  |TAMS 0x000000008a000000| PB 0x000000008a000000| Untracked 
|  73|0x000000008a100000, 0x000000008a100000, 0x000000008a200000|  0%| F|  |TAMS 0x000000008a100000| PB 0x000000008a100000| Untracked 
|  74|0x000000008a200000, 0x000000008a200000, 0x000000008a300000|  0%| F|  |TAMS 0x000000008a200000| PB 0x000000008a200000| Untracked 
|  75|0x000000008a300000, 0x000000008a300000, 0x000000008a400000|  0%| F|  |TAMS 0x000000008a300000| PB 0x000000008a300000| Untracked 
|  76|0x000000008a400000, 0x000000008a400000, 0x000000008a500000|  0%| F|  |TAMS 0x000000008a400000| PB 0x000000008a400000| Untracked 
|  77|0x000000008a500000, 0x000000008a500000, 0x000000008a600000|  0%| F|  |TAMS 0x000000008a500000| PB 0x000000008a500000| Untracked 
|  78|0x000000008a600000, 0x000000008a600000, 0x000000008a700000|  0%| F|  |TAMS 0x000000008a600000| PB 0x000000008a600000| Untracked 
|  79|0x000000008a700000, 0x000000008a700000, 0x000000008a800000|  0%| F|  |TAMS 0x000000008a700000| PB 0x000000008a700000| Untracked 
|  80|0x000000008a800000, 0x000000008a800000, 0x000000008a900000|  0%| F|  |TAMS 0x000000008a800000| PB 0x000000008a800000| Untracked 
|  81|0x000000008a900000, 0x000000008a900000, 0x000000008aa00000|  0%| F|  |TAMS 0x000000008a900000| PB 0x000000008a900000| Untracked 
|  82|0x000000008aa00000, 0x000000008aa00000, 0x000000008ab00000|  0%| F|  |TAMS 0x000000008aa00000| PB 0x000000008aa00000| Untracked 
|  83|0x000000008ab00000, 0x000000008ab00000, 0x000000008ac00000|  0%| F|  |TAMS 0x000000008ab00000| PB 0x000000008ab00000| Untracked 
|  84|0x000000008ac00000, 0x000000008ac00000, 0x000000008ad00000|  0%| F|  |TAMS 0x000000008ac00000| PB 0x000000008ac00000| Untracked 
|  85|0x000000008ad00000, 0x000000008ad00000, 0x000000008ae00000|  0%| F|  |TAMS 0x000000008ad00000| PB 0x000000008ad00000| Untracked 
|  86|0x000000008ae00000, 0x000000008ae00000, 0x000000008af00000|  0%| F|  |TAMS 0x000000008ae00000| PB 0x000000008ae00000| Untracked 
|  87|0x000000008af00000, 0x000000008af00000, 0x000000008b000000|  0%| F|  |TAMS 0x000000008af00000| PB 0x000000008af00000| Untracked 
|  88|0x000000008b000000, 0x000000008b000000, 0x000000008b100000|  0%| F|  |TAMS 0x000000008b000000| PB 0x000000008b000000| Untracked 
|  89|0x000000008b100000, 0x000000008b100000, 0x000000008b200000|  0%| F|  |TAMS 0x000000008b100000| PB 0x000000008b100000| Untracked 
|  90|0x000000008b200000, 0x000000008b200000, 0x000000008b300000|  0%| F|  |TAMS 0x000000008b200000| PB 0x000000008b200000| Untracked 
|  91|0x000000008b300000, 0x000000008b300000, 0x000000008b400000|  0%| F|  |TAMS 0x000000008b300000| PB 0x000000008b300000| Untracked 
|  92|0x000000008b400000, 0x000000008b400000, 0x000000008b500000|  0%| F|  |TAMS 0x000000008b400000| PB 0x000000008b400000| Untracked 
|  93|0x000000008b500000, 0x000000008b500000, 0x000000008b600000|  0%| F|  |TAMS 0x000000008b500000| PB 0x000000008b500000| Untracked 
|  94|0x000000008b600000, 0x000000008b600000, 0x000000008b700000|  0%| F|  |TAMS 0x000000008b600000| PB 0x000000008b600000| Untracked 
|  95|0x000000008b700000, 0x000000008b700000, 0x000000008b800000|  0%| F|  |TAMS 0x000000008b700000| PB 0x000000008b700000| Untracked 
|  96|0x000000008b800000, 0x000000008b800000, 0x000000008b900000|  0%| F|  |TAMS 0x000000008b800000| PB 0x000000008b800000| Untracked 
|  97|0x000000008b900000, 0x000000008b900000, 0x000000008ba00000|  0%| F|  |TAMS 0x000000008b900000| PB 0x000000008b900000| Untracked 
|  98|0x000000008ba00000, 0x000000008ba00000, 0x000000008bb00000|  0%| F|  |TAMS 0x000000008ba00000| PB 0x000000008ba00000| Untracked 
|  99|0x000000008bb00000, 0x000000008bb00000, 0x000000008bc00000|  0%| F|  |TAMS 0x000000008bb00000| PB 0x000000008bb00000| Untracked 
| 100|0x000000008bc00000, 0x000000008bc00000, 0x000000008bd00000|  0%| F|  |TAMS 0x000000008bc00000| PB 0x000000008bc00000| Untracked 
| 101|0x000000008bd00000, 0x000000008bd00000, 0x000000008be00000|  0%| F|  |TAMS 0x000000008bd00000| PB 0x000000008bd00000| Untracked 
| 102|0x000000008be00000, 0x000000008be00000, 0x000000008bf00000|  0%| F|  |TAMS 0x000000008be00000| PB 0x000000008be00000| Untracked 
| 103|0x000000008bf00000, 0x000000008bf00000, 0x000000008c000000|  0%| F|  |TAMS 0x000000008bf00000| PB 0x000000008bf00000| Untracked 
| 104|0x000000008c000000, 0x000000008c000000, 0x000000008c100000|  0%| F|  |TAMS 0x000000008c000000| PB 0x000000008c000000| Untracked 
| 105|0x000000008c100000, 0x000000008c100000, 0x000000008c200000|  0%| F|  |TAMS 0x000000008c100000| PB 0x000000008c100000| Untracked 
| 106|0x000000008c200000, 0x000000008c200000, 0x000000008c300000|  0%| F|  |TAMS 0x000000008c200000| PB 0x000000008c200000| Untracked 
| 107|0x000000008c300000, 0x000000008c300000, 0x000000008c400000|  0%| F|  |TAMS 0x000000008c300000| PB 0x000000008c300000| Untracked 
| 108|0x000000008c400000, 0x000000008c400000, 0x000000008c500000|  0%| F|  |TAMS 0x000000008c400000| PB 0x000000008c400000| Untracked 
| 109|0x000000008c500000, 0x000000008c500000, 0x000000008c600000|  0%| F|  |TAMS 0x000000008c500000| PB 0x000000008c500000| Untracked 
| 110|0x000000008c600000, 0x000000008c600000, 0x000000008c700000|  0%| F|  |TAMS 0x000000008c600000| PB 0x000000008c600000| Untracked 
| 111|0x000000008c700000, 0x000000008c700000, 0x000000008c800000|  0%| F|  |TAMS 0x000000008c700000| PB 0x000000008c700000| Untracked 
| 112|0x000000008c800000, 0x000000008c800000, 0x000000008c900000|  0%| F|  |TAMS 0x000000008c800000| PB 0x000000008c800000| Untracked 
| 113|0x000000008c900000, 0x000000008c900000, 0x000000008ca00000|  0%| F|  |TAMS 0x000000008c900000| PB 0x000000008c900000| Untracked 
| 114|0x000000008ca00000, 0x000000008ca00000, 0x000000008cb00000|  0%| F|  |TAMS 0x000000008ca00000| PB 0x000000008ca00000| Untracked 
| 115|0x000000008cb00000, 0x000000008cb00000, 0x000000008cc00000|  0%| F|  |TAMS 0x000000008cb00000| PB 0x000000008cb00000| Untracked 
| 116|0x000000008cc00000, 0x000000008cc00000, 0x000000008cd00000|  0%| F|  |TAMS 0x000000008cc00000| PB 0x000000008cc00000| Untracked 
| 117|0x000000008cd00000, 0x000000008cd00000, 0x000000008ce00000|  0%| F|  |TAMS 0x000000008cd00000| PB 0x000000008cd00000| Untracked 
| 118|0x000000008ce00000, 0x000000008ce00000, 0x000000008cf00000|  0%| F|  |TAMS 0x000000008ce00000| PB 0x000000008ce00000| Untracked 
| 119|0x000000008cf00000, 0x000000008cf00000, 0x000000008d000000|  0%| F|  |TAMS 0x000000008cf00000| PB 0x000000008cf00000| Untracked 
| 120|0x000000008d000000, 0x000000008d000000, 0x000000008d100000|  0%| F|  |TAMS 0x000000008d000000| PB 0x000000008d000000| Untracked 
| 121|0x000000008d100000, 0x000000008d186180, 0x000000008d200000| 52%| E|  |TAMS 0x000000008d100000| PB 0x000000008d100000| Complete 
| 122|0x000000008d200000, 0x000000008d300000, 0x000000008d300000|100%| E|CS|TAMS 0x000000008d200000| PB 0x000000008d200000| Complete 
| 123|0x000000008d300000, 0x000000008d400000, 0x000000008d400000|100%| E|CS|TAMS 0x000000008d300000| PB 0x000000008d300000| Complete 

Card table byte_map: [0x00000155c3b50000,0x00000155c3f30000] _byte_map_base: 0x00000155c3724000

Marking Bits: (CMBitMap*) 0x00000155ac338250
 Bits: [0x00000155c3f30000, 0x00000155c5dd0000)

Polling page: 0x00000155aa2a0000

Metaspace:

Usage:
  Non-class:      6.30 MB used.
      Class:    554.09 KB used.
       Both:      6.84 MB used.

Virtual space:
  Non-class space:       64.00 MB reserved,       6.31 MB ( 10%) committed,  1 nodes.
      Class space:        1.00 GB reserved,     640.00 KB ( <1%) committed,  1 nodes.
             Both:        1.06 GB reserved,       6.94 MB ( <1%) committed. 

Chunk freelists:
   Non-Class:  9.01 MB
       Class:  15.25 MB
        Both:  24.26 MB

MaxMetaspaceSize: unlimited
CompressedClassSpaceSize: 1.00 GB
Initial GC threshold: 21.00 MB
Current GC threshold: 21.00 MB
CDS: off
 - commit_granule_bytes: 65536.
 - commit_granule_words: 8192.
 - virtual_space_node_default_size: 8388608.
 - enlarge_chunks_in_place: 1.
 - use_allocation_guard: 0.


Internal statistics:

num_allocs_failed_limit: 0.
num_arena_births: 12.
num_arena_deaths: 0.
num_vsnodes_births: 2.
num_vsnodes_deaths: 0.
num_space_committed: 111.
num_space_uncommitted: 0.
num_chunks_returned_to_freelist: 0.
num_chunks_taken_from_freelist: 30.
num_chunk_merges: 0.
num_chunk_splits: 11.
num_chunks_enlarged: 3.
num_inconsistent_stats: 0.

CodeHeap 'non-profiled nmethods': size=120000Kb used=70Kb max_used=70Kb free=119929Kb
 bounds [0x00000155bc240000, 0x00000155bc4b0000, 0x00000155c3770000]
CodeHeap 'profiled nmethods': size=120000Kb used=208Kb max_used=208Kb free=119791Kb
 bounds [0x00000155b4770000, 0x00000155b49e0000, 0x00000155bbca0000]
CodeHeap 'non-nmethods': size=5760Kb used=1368Kb max_used=1382Kb free=4391Kb
 bounds [0x00000155bbca0000, 0x00000155bbf10000, 0x00000155bc240000]
 total_blobs=581 nmethods=200 adapters=286
 compilation: enabled
              stopped_count=0, restarted_count=0
 full_count=0

Compilation events (20 events):
Event: 0.233 Thread 0x00000155c846f740  185       3       java.lang.invoke.MethodType::makeImpl (109 bytes)
Event: 0.233 Thread 0x00000155c846f740 nmethod 185 0x00000155b479fa90 code [0x00000155b479fd40, 0x00000155b47a0b48]
Event: 0.233 Thread 0x00000155c846f740  186       3       java.lang.invoke.MethodType::<init> (15 bytes)
Event: 0.233 Thread 0x00000155c846f740 nmethod 186 0x00000155b47a0f90 code [0x00000155b47a1140, 0x00000155b47a1360]
Event: 0.233 Thread 0x00000155c846f740  187       3       java.lang.invoke.MethodType$ConcurrentWeakInternSet::get (47 bytes)
Event: 0.234 Thread 0x00000155c846f740 nmethod 187 0x00000155b47a1410 code [0x00000155b47a1620, 0x00000155b47a1e00]
Event: 0.234 Thread 0x00000155c846f740  188       1       java.lang.invoke.MethodHandle::type (5 bytes)
Event: 0.234 Thread 0x00000155c846f740 nmethod 188 0x00000155bc24fe10 code [0x00000155bc24ffa0, 0x00000155bc250068]
Event: 0.235 Thread 0x00000155c8468fe0  189       4       java.lang.StringUTF16::getChar (60 bytes)
Event: 0.236 Thread 0x00000155c8468fe0 nmethod 189 0x00000155bc250110 code [0x00000155bc2502a0, 0x00000155bc250388]
Event: 0.236 Thread 0x00000155c846f740  190       3       java.lang.invoke.MethodType::methodType (69 bytes)
Event: 0.237 Thread 0x00000155c846f740 nmethod 190 0x00000155b47a2010 code [0x00000155b47a2220, 0x00000155b47a26f0]
Event: 0.239 Thread 0x00000155c846f740  195       3       java.lang.invoke.MemberName::allFlagsSet (16 bytes)
Event: 0.239 Thread 0x00000155c846f740 nmethod 195 0x00000155b47a2890 code [0x00000155b47a2a20, 0x00000155b47a2b88]
Event: 0.239 Thread 0x00000155c846f740  194       3       java.lang.invoke.MemberName::initResolved (53 bytes)
Event: 0.239 Thread 0x00000155c846f740 nmethod 194 0x00000155b47a2c10 code [0x00000155b47a2da0, 0x00000155b47a2f50]
Event: 0.239 Thread 0x00000155c846f740  197       3       java.lang.invoke.LambdaForm::argument (27 bytes)
Event: 0.239 Thread 0x00000155c846f740 nmethod 197 0x00000155b47a3010 code [0x00000155b47a31c0, 0x00000155b47a3430]
Event: 0.240 Thread 0x00000155c846f740  200       3       jdk.internal.org.objectweb.asm.SymbolTable::put (150 bytes)
Event: 0.241 Thread 0x00000155c846f740 nmethod 200 0x00000155b47a3590 code [0x00000155b47a3780, 0x00000155b47a3fe0]

GC Heap History (0 events):
No events

Dll operation events (3 events):
Event: 0.009 Loaded shared library C:\Program Files\Java\jdk-21\bin\java.dll
Event: 0.068 Loaded shared library C:\Program Files\Java\jdk-21\bin\jsvml.dll
Event: 0.145 Loaded shared library C:\Program Files\Java\jdk-21\bin\jimage.dll

Deoptimization events (0 events):
No events

Classes loaded (20 events):
Event: 0.232 Loading class java/util/function/Predicate done
Event: 0.234 Loading class java/util/stream/IntPipeline$10$1
Event: 0.234 Loading class java/util/stream/Sink$ChainedInt
Event: 0.234 Loading class java/util/stream/Sink$ChainedInt done
Event: 0.234 Loading class java/util/stream/IntPipeline$10$1 done
Event: 0.234 Loading class java/lang/StringUTF16$CharsSpliterator
Event: 0.234 Loading class java/lang/StringUTF16$CharsSpliterator done
Event: 0.234 Loading class java/lang/CharacterData00
Event: 0.235 Loading class java/lang/CharacterData00 done
Event: 0.237 Loading class java/lang/invoke/MethodHandleImpl$AsVarargsCollector
Event: 0.237 Loading class java/lang/invoke/MethodHandleImpl$AsVarargsCollector done
Event: 0.238 Loading class java/lang/invoke/BoundMethodHandle$Species_LL
Event: 0.238 Loading class java/lang/invoke/BoundMethodHandle$Species_LL done
Event: 0.242 Loading class java/nio/CharBuffer
Event: 0.243 Loading class java/lang/Readable
Event: 0.244 Loading class java/lang/Readable done
Event: 0.244 Loading class java/nio/CharBuffer done
Event: 0.244 Loading class java/nio/HeapCharBuffer
Event: 0.244 Loading class java/nio/HeapCharBuffer done
Event: 0.245 Loading class java/nio/charset/CoderResult

Classes unloaded (0 events):
No events

Classes redefined (0 events):
No events

Internal exceptions (0 events):
No events

ZGC Phase Switch (0 events):
No events

VM Operations (0 events):
No events

Events (11 events):
Event: 0.018 Thread 0x00000155aa08a160 Thread added: 0x00000155aa08a160
Event: 0.063 Thread 0x00000155c8455170 Thread added: 0x00000155c8455170
Event: 0.063 Thread 0x00000155c8456360 Thread added: 0x00000155c8456360
Event: 0.065 Thread 0x00000155c8443f20 Thread added: 0x00000155c8443f20
Event: 0.065 Thread 0x00000155c8444970 Thread added: 0x00000155c8444970
Event: 0.066 Thread 0x00000155c8437540 Thread added: 0x00000155c8437540
Event: 0.066 Thread 0x00000155c8438730 Thread added: 0x00000155c8438730
Event: 0.066 Thread 0x00000155c8468fe0 Thread added: 0x00000155c8468fe0
Event: 0.066 Thread 0x00000155c846f740 Thread added: 0x00000155c846f740
Event: 0.125 Thread 0x00000155c864bfa0 Thread added: 0x00000155c864bfa0
Event: 0.132 Thread 0x00000155c8659000 Thread added: 0x00000155c8659000


Dynamic libraries:
0x00007ff6e7b00000 - 0x00007ff6e7b10000 	C:\Program Files\Java\jdk-21\bin\javaw.exe
0x00007ff86e0f0000 - 0x00007ff86e307000 	C:\WINDOWS\SYSTEM32\ntdll.dll
0x00007ff86ce60000 - 0x00007ff86cf24000 	C:\WINDOWS\System32\KERNEL32.DLL
0x00007ff86b8e0000 - 0x00007ff86bc9a000 	C:\WINDOWS\System32\KERNELBASE.dll
0x00007ff86b4f0000 - 0x00007ff86b601000 	C:\WINDOWS\System32\ucrtbase.dll
0x00007ff85d290000 - 0x00007ff85d2a9000 	C:\Program Files\Java\jdk-21\bin\jli.dll
0x00007ff86d770000 - 0x00007ff86d822000 	C:\WINDOWS\System32\ADVAPI32.dll
0x00007ff86d6a0000 - 0x00007ff86d747000 	C:\WINDOWS\System32\msvcrt.dll
0x00007ff86c780000 - 0x00007ff86c827000 	C:\WINDOWS\System32\sechost.dll
0x00007ff86bca0000 - 0x00007ff86bcc8000 	C:\WINDOWS\System32\bcrypt.dll
0x00007ff86cd40000 - 0x00007ff86ce54000 	C:\WINDOWS\System32\RPCRT4.dll
0x00007ff86bf60000 - 0x00007ff86c10e000 	C:\WINDOWS\System32\USER32.dll
0x00007ff86b3c0000 - 0x00007ff86b3e6000 	C:\WINDOWS\System32\win32u.dll
0x00007ff86d4a0000 - 0x00007ff86d4c9000 	C:\WINDOWS\System32\GDI32.dll
0x00007ff86bcd0000 - 0x00007ff86bdeb000 	C:\WINDOWS\System32\gdi32full.dll
0x00007ff86b6d0000 - 0x00007ff86b76a000 	C:\WINDOWS\System32\msvcp_win.dll
0x00007ff860f70000 - 0x00007ff860f7a000 	C:\WINDOWS\SYSTEM32\VERSION.dll
0x00007ff847840000 - 0x00007ff847ad2000 	C:\WINDOWS\WinSxS\amd64_microsoft.windows.common-controls_6595b64144ccf1df_6.0.22621.4541_none_2710d1c57384c085\COMCTL32.dll
0x00007ff85d270000 - 0x00007ff85d28b000 	C:\Program Files\Java\jdk-21\bin\VCRUNTIME140.dll
0x00007ff86c110000 - 0x00007ff86c141000 	C:\WINDOWS\System32\IMM32.DLL
0x00007ff861480000 - 0x00007ff86148c000 	C:\Program Files\Java\jdk-21\bin\vcruntime140_1.dll
0x00007ff823fa0000 - 0x00007ff82402e000 	C:\Program Files\Java\jdk-21\bin\msvcp140.dll
0x00007fffbc760000 - 0x00007fffbd478000 	C:\Program Files\Java\jdk-21\bin\server\jvm.dll
0x00007ff86d420000 - 0x00007ff86d491000 	C:\WINDOWS\System32\WS2_32.dll
0x00007ff86a250000 - 0x00007ff86a29d000 	C:\WINDOWS\SYSTEM32\POWRPROF.dll
0x00007ff8613a0000 - 0x00007ff8613d4000 	C:\WINDOWS\SYSTEM32\WINMM.dll
0x00007ff86a230000 - 0x00007ff86a243000 	C:\WINDOWS\SYSTEM32\UMPDC.dll
0x00007ff86a4f0000 - 0x00007ff86a508000 	C:\WINDOWS\SYSTEM32\kernel.appcore.dll
0x00007ff861510000 - 0x00007ff86151a000 	C:\Program Files\Java\jdk-21\bin\jimage.dll
0x00007ff868d20000 - 0x00007ff868f52000 	C:\WINDOWS\SYSTEM32\DBGHELP.DLL
0x00007ff86c3f0000 - 0x00007ff86c77f000 	C:\WINDOWS\System32\combase.dll
0x00007ff86c830000 - 0x00007ff86c907000 	C:\WINDOWS\System32\OLEAUT32.dll
0x00007ff85ff40000 - 0x00007ff85ff72000 	C:\WINDOWS\SYSTEM32\dbgcore.DLL
0x00007ff86b470000 - 0x00007ff86b4eb000 	C:\WINDOWS\System32\bcryptPrimitives.dll
0x00007ff85b670000 - 0x00007ff85b68f000 	C:\Program Files\Java\jdk-21\bin\java.dll
0x00007ff86d830000 - 0x00007ff86e0a8000 	C:\WINDOWS\System32\SHELL32.dll
0x00007ff869310000 - 0x00007ff869c18000 	C:\WINDOWS\SYSTEM32\windows.storage.dll
0x00007ff8691d0000 - 0x00007ff86930f000 	C:\WINDOWS\SYSTEM32\wintypes.dll
0x00007ff86ca80000 - 0x00007ff86cb7a000 	C:\WINDOWS\System32\SHCORE.dll
0x00007ff86d3b0000 - 0x00007ff86d40e000 	C:\WINDOWS\System32\shlwapi.dll
0x00007ff86b2f0000 - 0x00007ff86b31b000 	C:\WINDOWS\SYSTEM32\profapi.dll
0x00007ff837f30000 - 0x00007ff838007000 	C:\Program Files\Java\jdk-21\bin\jsvml.dll

dbghelp: loaded successfully - version: 4.0.5 - missing functions: none
symbol engine: initialized successfully - sym options: 0x614 - pdb path: .;C:\Program Files\Java\jdk-21\bin;C:\WINDOWS\SYSTEM32;C:\WINDOWS\WinSxS\amd64_microsoft.windows.common-controls_6595b64144ccf1df_6.0.22621.4541_none_2710d1c57384c085;C:\Program Files\Java\jdk-21\bin\server

VM Arguments:
jvm_args: -Dfile.encoding=UTF-8 -Dstdout.encoding=UTF-8 -Dstderr.encoding=UTF-8 -XX:+ShowCodeDetailsInExceptionMessages 
java_command: projects.Projects
java_class_path (initial): C:\Users\jmlew\eclipse-workspace\mysql-java\target\classes;C:\Users\jmlew\.m2\repository\com\mysql\mysql-connector-j\9.1.0\mysql-connector-j-9.1.0.jar;C:\Users\jmlew\.m2\repository\com\google\protobuf\protobuf-java\4.26.1\protobuf-java-4.26.1.jar
Launcher Type: SUN_STANDARD

[Global flags]
     intx CICompilerCount                          = 3                                         {product} {ergonomic}
     uint ConcGCThreads                            = 1                                         {product} {ergonomic}
     uint G1ConcRefinementThreads                  = 4                                         {product} {ergonomic}
   size_t G1HeapRegionSize                         = 1048576                                   {product} {ergonomic}
    uintx GCDrainStackTargetSize                   = 64                                        {product} {ergonomic}
   size_t InitialHeapSize                          = 130023424                                 {product} {ergonomic}
   size_t MarkStackSize                            = 4194304                                   {product} {ergonomic}
   size_t MaxHeapSize                              = 2055208960                                {product} {ergonomic}
   size_t MaxNewSize                               = 1233125376                                {product} {ergonomic}
   size_t MinHeapDeltaBytes                        = 1048576                                   {product} {ergonomic}
   size_t MinHeapSize                              = 8388608                                   {product} {ergonomic}
    uintx NonNMethodCodeHeapSize                   = 5832780                                {pd product} {ergonomic}
    uintx NonProfiledCodeHeapSize                  = 122912730                              {pd product} {ergonomic}
    uintx ProfiledCodeHeapSize                     = 122912730                              {pd product} {ergonomic}
    uintx ReservedCodeCacheSize                    = 251658240                              {pd product} {ergonomic}
     bool SegmentedCodeCache                       = true                                      {product} {ergonomic}
     bool ShowCodeDetailsInExceptionMessages       = true                                   {manageable} {command line}
   size_t SoftMaxHeapSize                          = 2055208960                             {manageable} {ergonomic}
     bool UseCompressedOops                        = true                           {product lp64_product} {ergonomic}
     bool UseG1GC                                  = true                                      {product} {ergonomic}
     bool UseLargePagesIndividualAllocation        = false                                  {pd product} {ergonomic}

Logging:
Log output configuration:
 #0: stdout all=warning uptime,level,tags foldmultilines=false
 #1: stderr all=off uptime,level,tags foldmultilines=false

Environment Variables:
PATH=C:/Program Files/Java/jdk-21/bin/server;C:/Program Files/Java/jdk-21/bin;C:\Program Files\Common Files\Oracle\Java\javapath;C:\WINDOWS\system32;C:\WINDOWS;C:\WINDOWS\System32\Wbem;C:\WINDOWS\System32\WindowsPowerShell\v1.0\;C:\WINDOWS\System32\OpenSSH\;C:\Program Files\nodejs\;C:\Users\jmlew\AppData\Local\Microsoft\WindowsApps;;C:\Users\jmlew\AppData\Local\Programs\Microsoft VS Code\bin;C:\Users\jmlew\AppData\Roaming\npm;C:\Users\jmlew\eclipse\java-2024-06\eclipse;
USERNAME=jmlew
OS=Windows_NT
PROCESSOR_IDENTIFIER=Intel64 Family 6 Model 140 Stepping 1, GenuineIntel
TMP=C:\Users\jmlew\AppData\Local\Temp
TEMP=C:\Users\jmlew\AppData\Local\Temp




Periodic native trim disabled

---------------  S Y S T E M  ---------------

OS:
 Windows 11 , 64 bit Build 22621 (10.0.22621.4391)
OS uptime: 32 days 22:26 hours

CPU: total 4 (initial active 4) (2 cores per cpu, 2 threads per core) family 6 model 140 stepping 1 microcode 0xb4, cx8, cmov, fxsr, ht, mmx, 3dnowpref, sse, sse2, sse3, ssse3, sse4.1, sse4.2, popcnt, lzcnt, tsc, tscinvbit, avx, avx2, aes, erms, clmul, bmi1, bmi2, adx, avx512f, avx512dq, avx512cd, avx512bw, avx512vl, sha, fma, vzeroupper, avx512_vpopcntdq, avx512_vpclmulqdq, avx512_vaes, avx512_vnni, clflush, clflushopt, clwb, avx512_vbmi2, avx512_vbmi, rdtscp, rdpid, fsrm, gfni, avx512_bitalg, f16c, pku, cet_ibt, cet_ss, avx512_ifma
Processor Information for processor 0
  Max Mhz: 2001, Current Mhz: 2001, Mhz Limit: 2001
Processor Information for processor 1
  Max Mhz: 2001, Current Mhz: 2001, Mhz Limit: 2001
Processor Information for processor 2
  Max Mhz: 2001, Current Mhz: 2001, Mhz Limit: 2001
Processor Information for processor 3
  Max Mhz: 2001, Current Mhz: 1200, Mhz Limit: 2001

Memory: 4k page, system-wide physical 7834M (447M free)
TotalPageFile size 31386M (AvailPageFile size 3M)
current process WorkingSet (physical memory assigned to process): 34M, peak: 34M
current process commit charge ("private bytes"): 192M, peak: 193M

vm_info: Java HotSpot(TM) 64-Bit Server VM (21.0.5+9-LTS-239) for windows-amd64 JRE (21.0.5+9-LTS-239), built on 2024-09-30T05:17:38Z by "mach5one" with MS VC++ 17.6 (VS2022)

END.
